c:\users\administrator\desktop\colyeye\colyeye\colyeye\debug\colyeye.pch
c:\users\administrator\desktop\colyeye\colyeye\colyeye\debug\vc140.pdb
c:\users\administrator\desktop\colyeye\colyeye\colyeye\debug\vc140.idb
c:\users\administrator\desktop\colyeye\colyeye\colyeye\debug\stdafx.obj
c:\users\administrator\desktop\colyeye\colyeye\colyeye\debug\dbshadow.obj
c:\users\administrator\desktop\colyeye\colyeye\colyeye\debug\homewatchdlg.obj
c:\users\administrator\desktop\colyeye\colyeye\colyeye\debug\sqlitewrapper.obj
c:\users\administrator\desktop\colyeye\colyeye\colyeye\debug\menudlg.obj
c:\users\administrator\desktop\colyeye\colyeye\colyeye\debug\observer.obj
c:\users\administrator\desktop\colyeye\colyeye\colyeye\debug\playctrlslider.obj
c:\users\administrator\desktop\colyeye\colyeye\colyeye\debug\recordfileinfo.obj
c:\users\administrator\desktop\colyeye\colyeye\colyeye\debug\recordfileinfomanager.obj
c:\users\administrator\desktop\colyeye\colyeye\colyeye\debug\recordfilemanager.obj
c:\users\administrator\desktop\colyeye\colyeye\colyeye\debug\recordmenudlg.obj
c:\users\administrator\desktop\colyeye\colyeye\colyeye\debug\subject.obj
c:\users\administrator\desktop\colyeye\colyeye\colyeye\debug\surfacedlg.obj
c:\users\administrator\desktop\colyeye\colyeye\colyeye\debug\surfaceholderdlg.obj
c:\users\administrator\desktop\colyeye\colyeye\colyeye\debug\systemconfigdlg.obj
c:\users\administrator\desktop\colyeye\colyeye\colyeye\debug\tagbutton.obj
c:\users\administrator\desktop\colyeye\colyeye\colyeye\debug\tagtreectrl.obj
c:\users\administrator\desktop\colyeye\colyeye\colyeye\debug\testdlg.obj
c:\users\administrator\desktop\colyeye\colyeye\colyeye\debug\videoctrdlg.obj
c:\users\administrator\desktop\colyeye\colyeye\colyeye\debug\videodlg.obj
c:\users\administrator\desktop\colyeye\colyeye\colyeye\debug\walldlg.obj
c:\users\administrator\desktop\colyeye\colyeye\colyeye\debug\alarmmenudlg.obj
c:\users\administrator\desktop\colyeye\colyeye\colyeye\debug\autowatchdlg.obj
c:\users\administrator\desktop\colyeye\colyeye\colyeye\debug\camera.obj
c:\users\administrator\desktop\colyeye\colyeye\colyeye\debug\cameramanager.obj
c:\users\administrator\desktop\colyeye\colyeye\colyeye\debug\colyeye.obj
c:\users\administrator\desktop\colyeye\colyeye\colyeye\debug\colyeyedlg.obj
c:\users\administrator\desktop\colyeye\colyeye\colyeye\debug\dayrecordinfo.obj
c:\users\administrator\desktop\colyeye\colyeye\colyeye\debug\dboperator.obj
c:\users\administrator\desktop\colyeye\colyeye\colyeye\debug\sqlite3.obj
c:\users\administrator\desktop\colyeye\colyeye\debug\colyeye.ilk
c:\users\administrator\desktop\colyeye\colyeye\debug\colyeye.exe
c:\users\administrator\desktop\colyeye\colyeye\debug\colyeye.pdb
c:\users\administrator\desktop\colyeye\colyeye\colyeye\debug\colyeye.res
c:\users\administrator\desktop\colyeye\colyeye\colyeye\debug\colyeye.tlog\cl.command.1.tlog
c:\users\administrator\desktop\colyeye\colyeye\colyeye\debug\colyeye.tlog\cl.read.1.tlog
c:\users\administrator\desktop\colyeye\colyeye\colyeye\debug\colyeye.tlog\cl.write.1.tlog
c:\users\administrator\desktop\colyeye\colyeye\colyeye\debug\colyeye.tlog\link.command.1.tlog
c:\users\administrator\desktop\colyeye\colyeye\colyeye\debug\colyeye.tlog\link.read.1.tlog
c:\users\administrator\desktop\colyeye\colyeye\colyeye\debug\colyeye.tlog\link.write.1.tlog
c:\users\administrator\desktop\colyeye\colyeye\colyeye\debug\colyeye.tlog\rc.command.1.tlog
c:\users\administrator\desktop\colyeye\colyeye\colyeye\debug\colyeye.tlog\rc.read.1.tlog
c:\users\administrator\desktop\colyeye\colyeye\colyeye\debug\colyeye.tlog\rc.write.1.tlog
